[   19336ms] [INFO] %cDownload the React DevTools for a better development experience: https://react.dev/link/react-devtools font-weight:bold @ http://localhost:8081/node_modules/expo-router/entry.bundle?platform=web&dev=true&hot=false&lazy=true&transform.routerRoot=app&transform.reactCompiler=true:377773
[   19373ms] [LOG] Running application "main" with appParams:
 {rootTag: #root, hydrate: undefined} 
Development-level warnings: ON.
Performance optimizations: OFF. @ http://localhost:8081/node_modules/expo-router/entry.bundle?platform=web&dev=true&hot=false&lazy=true&transform.routerRoot=app&transform.reactCompiler=true:21723
[   20107ms] [WARNING] [Layout children]: No route named "(auth)" exists in nested children: [+not-found, index, modal, (auth)/login, (auth)/onboarding, (auth)/otp, (health)/health-check, (matching)/active-rides, (matching)/browse, (matching)/chat, (matching)/connection, (matching)/finish, (matching)/in-progress, (matching)/negotiations, (matching)/payment, (matching)/report-success, (matching)/report, (matching)/results, (matching)/ride-confirmed, (matching)/chat/[id], (matching)/report/[id], (tabs)] @ http://localhost:8081/node_modules/expo-router/entry.bundle?platform=web&dev=true&hot=false&lazy=true&transform.routerRoot=app&transform.reactCompiler=true:166282
[   20108ms] [WARNING] [Layout children]: No route named "(screens)" exists in nested children: [+not-found, index, modal, (auth)/login, (auth)/onboarding, (auth)/otp, (health)/health-check, (matching)/active-rides, (matching)/browse, (matching)/chat, (matching)/connection, (matching)/finish, (matching)/in-progress, (matching)/negotiations, (matching)/payment, (matching)/report-success, (matching)/report, (matching)/results, (matching)/ride-confirmed, (matching)/chat/[id], (matching)/report/[id], (tabs)] @ http://localhost:8081/node_modules/expo-router/entry.bundle?platform=web&dev=true&hot=false&lazy=true&transform.routerRoot=app&transform.reactCompiler=true:166282
[   20108ms] [WARNING] [Layout children]: No route named "not-found" exists in nested children: [+not-found, index, modal, (auth)/login, (auth)/onboarding, (auth)/otp, (health)/health-check, (matching)/active-rides, (matching)/browse, (matching)/chat, (matching)/connection, (matching)/finish, (matching)/in-progress, (matching)/negotiations, (matching)/payment, (matching)/report-success, (matching)/report, (matching)/results, (matching)/ride-confirmed, (matching)/chat/[id], (matching)/report/[id], (tabs)] @ http://localhost:8081/node_modules/expo-router/entry.bundle?platform=web&dev=true&hot=false&lazy=true&transform.routerRoot=app&transform.reactCompiler=true:166282
[   20174ms] [ERROR] Failed to load resource: the server responded with a status of 401 (Unauthorized) @ http://localhost:8000/notifications:0
[   20190ms] [ERROR] Failed to load resource: the server responded with a status of 401 (Unauthorized) @ http://localhost:8000/notifications/unread-count:0
[   21196ms] [ERROR] Failed to load resource: the server responded with a status of 401 (Unauthorized) @ http://localhost:8000/notifications:0
[   21218ms] [ERROR] Failed to load resource: the server responded with a status of 401 (Unauthorized) @ http://localhost:8000/notifications/unread-count:0
[   43790ms] [WARNING] props.pointerEvents is deprecated. Use style.pointerEvents @ http://localhost:8081/node_modules/expo-router/entry.bundle?platform=web&dev=true&hot=false&lazy=true&transform.routerRoot=app&transform.reactCompiler=true:166282
[   63598ms] [WARNING] [Layout children]: No route named "matching/all-requests" exists in nested children: [account/Info, account/history, account/profile, home/all-notifications, home/all-requests, home/index, matching/connection-request, matching/matching, matching/request] @ http://localhost:8081/node_modules/expo-router/entry.bundle?platform=web&dev=true&hot=false&lazy=true&transform.routerRoot=app&transform.reactCompiler=true:166282
[   63598ms] [WARNING] [Layout children]: No route named "matching/results" exists in nested children: [account/Info, account/history, account/profile, home/all-notifications, home/all-requests, home/index, matching/connection-request, matching/matching, matching/request] @ http://localhost:8081/node_modules/expo-router/entry.bundle?platform=web&dev=true&hot=false&lazy=true&transform.routerRoot=app&transform.reactCompiler=true:166282
[   63598ms] [WARNING] [Layout children]: No route named "matching/finish" exists in nested children: [account/Info, account/history, account/profile, home/all-notifications, home/all-requests, home/index, matching/connection-request, matching/matching, matching/request] @ http://localhost:8081/node_modules/expo-router/entry.bundle?platform=web&dev=true&hot=false&lazy=true&transform.routerRoot=app&transform.reactCompiler=true:166282
[   63598ms] [WARNING] [Layout children]: No route named "matching/report-success" exists in nested children: [account/Info, account/history, account/profile, home/all-notifications, home/all-requests, home/index, matching/connection-request, matching/matching, matching/request] @ http://localhost:8081/node_modules/expo-router/entry.bundle?platform=web&dev=true&hot=false&lazy=true&transform.routerRoot=app&transform.reactCompiler=true:166282
[   83080ms] [WARNING] Blocked aria-hidden on an element because its descendant retained focus. The focus must not be hidden from assistive technology users. Avoid using aria-hidden on a focused element or its ancestor. Consider using the inert attribute instead, which will also prevent focus. For more details, see the aria-hidden section of the WAI-ARIA specification at https://w3c.github.io/aria/#aria-hidden.
Element with focus: <div.css-view-g5y9jx r-transitionProperty-1i6wzkk r-userSelect-lrvibr r-cursor-1loqt21 r-touchAction-1otgn73>
Ancestor with aria-hidden: <div.css-view-g5y9jx r-flex-13awgt0 r-bottom-1p0dtai r-left-1d2f490 r-position-u8s1d r-right-zchlnj r-top-ipm5af> @ http://localhost:8081/active-rides:0
[   83639ms] [WARNING] "shadow*" style props are deprecated. Use "boxShadow". @ http://localhost:8081/node_modules/expo-router/entry.bundle?platform=web&dev=true&hot=false&lazy=true&transform.routerRoot=app&transform.reactCompiler=true:166282
