[    1840ms] [INFO] %cDownload the React DevTools for a better development experience: https://react.dev/link/react-devtools font-weight:bold @ http://localhost:8081/node_modules/expo-router/entry.bundle?platform=web&dev=true&hot=false&lazy=true&transform.routerRoot=app&transform.reactCompiler=true:378277
[    1874ms] [LOG] Running application "main" with appParams:
 {rootTag: #root, hydrate: undefined} 
Development-level warnings: ON.
Performance optimizations: OFF. @ http://localhost:8081/node_modules/expo-router/entry.bundle?platform=web&dev=true&hot=false&lazy=true&transform.routerRoot=app&transform.reactCompiler=true:21723
[    2064ms] [WARNING] [Layout children]: No route named "(auth)" exists in nested children: [+not-found, index, modal, (auth)/login, (auth)/onboarding, (auth)/otp, (health)/health-check, (matching)/active-rides, (matching)/browse, (matching)/chat, (matching)/connection, (matching)/finish, (matching)/in-progress, (matching)/negotiations, (matching)/payment, (matching)/report-success, (matching)/report, (matching)/results, (matching)/ride-confirmed, (matching)/chat/[id], (matching)/report/[id], (tabs)] @ http://localhost:8081/node_modules/expo-router/entry.bundle?platform=web&dev=true&hot=false&lazy=true&transform.routerRoot=app&transform.reactCompiler=true:166282
[    2064ms] [WARNING] [Layout children]: No route named "(screens)" exists in nested children: [+not-found, index, modal, (auth)/login, (auth)/onboarding, (auth)/otp, (health)/health-check, (matching)/active-rides, (matching)/browse, (matching)/chat, (matching)/connection, (matching)/finish, (matching)/in-progress, (matching)/negotiations, (matching)/payment, (matching)/report-success, (matching)/report, (matching)/results, (matching)/ride-confirmed, (matching)/chat/[id], (matching)/report/[id], (tabs)] @ http://localhost:8081/node_modules/expo-router/entry.bundle?platform=web&dev=true&hot=false&lazy=true&transform.routerRoot=app&transform.reactCompiler=true:166282
[    2065ms] [WARNING] [Layout children]: No route named "not-found" exists in nested children: [+not-found, index, modal, (auth)/login, (auth)/onboarding, (auth)/otp, (health)/health-check, (matching)/active-rides, (matching)/browse, (matching)/chat, (matching)/connection, (matching)/finish, (matching)/in-progress, (matching)/negotiations, (matching)/payment, (matching)/report-success, (matching)/report, (matching)/results, (matching)/ride-confirmed, (matching)/chat/[id], (matching)/report/[id], (tabs)] @ http://localhost:8081/node_modules/expo-router/entry.bundle?platform=web&dev=true&hot=false&lazy=true&transform.routerRoot=app&transform.reactCompiler=true:166282
[   18369ms] [ERROR] The action 'GO_BACK' was not handled by any navigator.

Is there any screen to go back to?

This is a development-only warning and won't be shown in production. @ http://localhost:8081/node_modules/expo-router/entry.bundle?platform=web&dev=true&hot=false&lazy=true&transform.routerRoot=app&transform.reactCompiler=true:28937
[   18765ms] [ERROR] The action 'GO_BACK' was not handled by any navigator.

Is there any screen to go back to?

This is a development-only warning and won't be shown in production. @ http://localhost:8081/node_modules/expo-router/entry.bundle?platform=web&dev=true&hot=false&lazy=true&transform.routerRoot=app&transform.reactCompiler=true:28937
[   19971ms] [ERROR] The action 'GO_BACK' was not handled by any navigator.

Is there any screen to go back to?

This is a development-only warning and won't be shown in production. @ http://localhost:8081/node_modules/expo-router/entry.bundle?platform=web&dev=true&hot=false&lazy=true&transform.routerRoot=app&transform.reactCompiler=true:28937
[   20133ms] [ERROR] The action 'GO_BACK' was not handled by any navigator.

Is there any screen to go back to?

This is a development-only warning and won't be shown in production. @ http://localhost:8081/node_modules/expo-router/entry.bundle?platform=web&dev=true&hot=false&lazy=true&transform.routerRoot=app&transform.reactCompiler=true:28937
[   20287ms] [ERROR] The action 'GO_BACK' was not handled by any navigator.

Is there any screen to go back to?

This is a development-only warning and won't be shown in production. @ http://localhost:8081/node_modules/expo-router/entry.bundle?platform=web&dev=true&hot=false&lazy=true&transform.routerRoot=app&transform.reactCompiler=true:28937
[   20462ms] [ERROR] The action 'GO_BACK' was not handled by any navigator.

Is there any screen to go back to?

This is a development-only warning and won't be shown in production. @ http://localhost:8081/node_modules/expo-router/entry.bundle?platform=web&dev=true&hot=false&lazy=true&transform.routerRoot=app&transform.reactCompiler=true:28937
[   20600ms] [ERROR] The action 'GO_BACK' was not handled by any navigator.

Is there any screen to go back to?

This is a development-only warning and won't be shown in production. @ http://localhost:8081/node_modules/expo-router/entry.bundle?platform=web&dev=true&hot=false&lazy=true&transform.routerRoot=app&transform.reactCompiler=true:28937
[   25758ms] [INFO] %cDownload the React DevTools for a better development experience: https://react.dev/link/react-devtools font-weight:bold @ http://localhost:8081/node_modules/expo-router/entry.bundle?platform=web&dev=true&hot=false&lazy=true&transform.routerRoot=app&transform.reactCompiler=true:378277
[   25788ms] [LOG] Running application "main" with appParams:
 {rootTag: #root, hydrate: undefined} 
Development-level warnings: ON.
Performance optimizations: OFF. @ http://localhost:8081/node_modules/expo-router/entry.bundle?platform=web&dev=true&hot=false&lazy=true&transform.routerRoot=app&transform.reactCompiler=true:21723
[   25966ms] [WARNING] [Layout children]: No route named "(auth)" exists in nested children: [+not-found, index, modal, (auth)/login, (auth)/onboarding, (auth)/otp, (health)/health-check, (matching)/active-rides, (matching)/browse, (matching)/chat, (matching)/connection, (matching)/finish, (matching)/in-progress, (matching)/negotiations, (matching)/payment, (matching)/report-success, (matching)/report, (matching)/results, (matching)/ride-confirmed, (matching)/chat/[id], (matching)/report/[id], (tabs)] @ http://localhost:8081/node_modules/expo-router/entry.bundle?platform=web&dev=true&hot=false&lazy=true&transform.routerRoot=app&transform.reactCompiler=true:166282
[   25967ms] [WARNING] [Layout children]: No route named "(screens)" exists in nested children: [+not-found, index, modal, (auth)/login, (auth)/onboarding, (auth)/otp, (health)/health-check, (matching)/active-rides, (matching)/browse, (matching)/chat, (matching)/connection, (matching)/finish, (matching)/in-progress, (matching)/negotiations, (matching)/payment, (matching)/report-success, (matching)/report, (matching)/results, (matching)/ride-confirmed, (matching)/chat/[id], (matching)/report/[id], (tabs)] @ http://localhost:8081/node_modules/expo-router/entry.bundle?platform=web&dev=true&hot=false&lazy=true&transform.routerRoot=app&transform.reactCompiler=true:166282
[   25967ms] [WARNING] [Layout children]: No route named "not-found" exists in nested children: [+not-found, index, modal, (auth)/login, (auth)/onboarding, (auth)/otp, (health)/health-check, (matching)/active-rides, (matching)/browse, (matching)/chat, (matching)/connection, (matching)/finish, (matching)/in-progress, (matching)/negotiations, (matching)/payment, (matching)/report-success, (matching)/report, (matching)/results, (matching)/ride-confirmed, (matching)/chat/[id], (matching)/report/[id], (tabs)] @ http://localhost:8081/node_modules/expo-router/entry.bundle?platform=web&dev=true&hot=false&lazy=true&transform.routerRoot=app&transform.reactCompiler=true:166282
[   28060ms] [WARNING] Blocked aria-hidden on an element because its descendant retained focus. The focus must not be hidden from assistive technology users. Avoid using aria-hidden on a focused element or its ancestor. Consider using the inert attribute instead, which will also prevent focus. For more details, see the aria-hidden section of the WAI-ARIA specification at https://w3c.github.io/aria/#aria-hidden.
Element with focus: <div.css-view-g5y9jx r-userSelect-lrvibr mb-8 rounded-xl w-4/5 h-16 bg-primary py-3 items-center justify-center r-cursor-1loqt21 r-touchAction-1otgn73>
Ancestor with aria-hidden: <div.css-view-g5y9jx r-flex-13awgt0 r-bottom-1p0dtai r-left-1d2f490 r-position-u8s1d r-right-zchlnj r-top-ipm5af> @ http://localhost:8081/login:0
[   33556ms] [WARNING] props.pointerEvents is deprecated. Use style.pointerEvents @ http://localhost:8081/node_modules/expo-router/entry.bundle?platform=web&dev=true&hot=false&lazy=true&transform.routerRoot=app&transform.reactCompiler=true:166282
[   47461ms] [WARNING] [Layout children]: No route named "matching/all-requests" exists in nested children: [account/Info, account/history, account/profile, home/all-notifications, home/all-requests, home/index, matching/connection-request, matching/matching, matching/request] @ http://localhost:8081/node_modules/expo-router/entry.bundle?platform=web&dev=true&hot=false&lazy=true&transform.routerRoot=app&transform.reactCompiler=true:166282
[   47462ms] [WARNING] [Layout children]: No route named "matching/results" exists in nested children: [account/Info, account/history, account/profile, home/all-notifications, home/all-requests, home/index, matching/connection-request, matching/matching, matching/request] @ http://localhost:8081/node_modules/expo-router/entry.bundle?platform=web&dev=true&hot=false&lazy=true&transform.routerRoot=app&transform.reactCompiler=true:166282
[   47463ms] [WARNING] [Layout children]: No route named "matching/finish" exists in nested children: [account/Info, account/history, account/profile, home/all-notifications, home/all-requests, home/index, matching/connection-request, matching/matching, matching/request] @ http://localhost:8081/node_modules/expo-router/entry.bundle?platform=web&dev=true&hot=false&lazy=true&transform.routerRoot=app&transform.reactCompiler=true:166282
[   47464ms] [WARNING] [Layout children]: No route named "matching/report-success" exists in nested children: [account/Info, account/history, account/profile, home/all-notifications, home/all-requests, home/index, matching/connection-request, matching/matching, matching/request] @ http://localhost:8081/node_modules/expo-router/entry.bundle?platform=web&dev=true&hot=false&lazy=true&transform.routerRoot=app&transform.reactCompiler=true:166282
[   49010ms] [WARNING] Blocked aria-hidden on an element because its descendant retained focus. The focus must not be hidden from assistive technology users. Avoid using aria-hidden on a focused element or its ancestor. Consider using the inert attribute instead, which will also prevent focus. For more details, see the aria-hidden section of the WAI-ARIA specification at https://w3c.github.io/aria/#aria-hidden.
Element with focus: <div.css-view-g5y9jx r-transitionProperty-1i6wzkk r-userSelect-lrvibr r-cursor-1loqt21 r-touchAction-1otgn73>
Ancestor with aria-hidden: <div.css-view-g5y9jx r-flex-13awgt0 r-bottom-1p0dtai r-left-1d2f490 r-position-u8s1d r-right-zchlnj r-top-ipm5af> @ http://localhost:8081/active-rides:0
[   49190ms] [WARNING] "shadow*" style props are deprecated. Use "boxShadow". @ http://localhost:8081/node_modules/expo-router/entry.bundle?platform=web&dev=true&hot=false&lazy=true&transform.routerRoot=app&transform.reactCompiler=true:166282
[   57715ms] [WARNING] Blocked aria-hidden on an element because its descendant retained focus. The focus must not be hidden from assistive technology users. Avoid using aria-hidden on a focused element or its ancestor. Consider using the inert attribute instead, which will also prevent focus. For more details, see the aria-hidden section of the WAI-ARIA specification at https://w3c.github.io/aria/#aria-hidden.
Element with focus: <div.css-view-g5y9jx r-transitionProperty-1i6wzkk r-userSelect-lrvibr r-cursor-1loqt21 r-touchAction-1otgn73 p-1.5 bg-red-50 items-center rounded-lg active:bg-red-100>
Ancestor with aria-hidden: <div.css-view-g5y9jx r-flex-13awgt0 r-bottom-1p0dtai r-left-1d2f490 r-position-u8s1d r-right-zchlnj r-top-ipm5af> @ http://localhost:8081/report?rideId=c53b324b-f0be-41f7-a305-cb0303d236b5&reportedUserId=a0000001-0000-0000-0000-000000000005:0
[   63465ms] [WARNING] Blocked aria-hidden on an element because its descendant retained focus. The focus must not be hidden from assistive technology users. Avoid using aria-hidden on a focused element or its ancestor. Consider using the inert attribute instead, which will also prevent focus. For more details, see the aria-hidden section of the WAI-ARIA specification at https://w3c.github.io/aria/#aria-hidden.
Element with focus: <div.css-view-g5y9jx r-transitionProperty-1i6wzkk r-userSelect-lrvibr w-full bg-[#152249] h-16 rounded-full items-center justify-center flex-row gap-3 shadow-lg shadow-[#152249]/20 active:scale-[0.98] r-pointerEvents-12vffkv>
Ancestor with aria-hidden: <div.css-view-g5y9jx r-flex-13awgt0 r-bottom-1p0dtai r-left-1d2f490 r-position-u8s1d r-right-zchlnj r-top-ipm5af> @ http://localhost:8081/report-success:0
[   64911ms] [WARNING] [Layout children]: No route named "matching/all-requests" exists in nested children: [account/Info, account/history, account/profile, home/all-notifications, home/all-requests, home/index, matching/connection-request, matching/matching, matching/request] @ http://localhost:8081/node_modules/expo-router/entry.bundle?platform=web&dev=true&hot=false&lazy=true&transform.routerRoot=app&transform.reactCompiler=true:166282
[   64912ms] [WARNING] [Layout children]: No route named "matching/results" exists in nested children: [account/Info, account/history, account/profile, home/all-notifications, home/all-requests, home/index, matching/connection-request, matching/matching, matching/request] @ http://localhost:8081/node_modules/expo-router/entry.bundle?platform=web&dev=true&hot=false&lazy=true&transform.routerRoot=app&transform.reactCompiler=true:166282
[   64913ms] [WARNING] [Layout children]: No route named "matching/finish" exists in nested children: [account/Info, account/history, account/profile, home/all-notifications, home/all-requests, home/index, matching/connection-request, matching/matching, matching/request] @ http://localhost:8081/node_modules/expo-router/entry.bundle?platform=web&dev=true&hot=false&lazy=true&transform.routerRoot=app&transform.reactCompiler=true:166282
[   64913ms] [WARNING] [Layout children]: No route named "matching/report-success" exists in nested children: [account/Info, account/history, account/profile, home/all-notifications, home/all-requests, home/index, matching/connection-request, matching/matching, matching/request] @ http://localhost:8081/node_modules/expo-router/entry.bundle?platform=web&dev=true&hot=false&lazy=true&transform.routerRoot=app&transform.reactCompiler=true:166282
[   66269ms] [WARNING] Blocked aria-hidden on an element because its descendant retained focus. The focus must not be hidden from assistive technology users. Avoid using aria-hidden on a focused element or its ancestor. Consider using the inert attribute instead, which will also prevent focus. For more details, see the aria-hidden section of the WAI-ARIA specification at https://w3c.github.io/aria/#aria-hidden.
Element with focus: <div.css-view-g5y9jx r-transitionProperty-1i6wzkk r-userSelect-lrvibr r-cursor-1loqt21 r-touchAction-1otgn73>
Ancestor with aria-hidden: <div.css-view-g5y9jx r-flex-13awgt0 r-bottom-1p0dtai r-left-1d2f490 r-position-u8s1d r-right-zchlnj r-top-ipm5af> @ http://localhost:8081/active-rides:0
[  134328ms] [INFO] %cDownload the React DevTools for a better development experience: https://react.dev/link/react-devtools font-weight:bold @ http://localhost:8081/node_modules/expo-router/entry.bundle?platform=web&dev=true&hot=false&lazy=true&transform.routerRoot=app&transform.reactCompiler=true:378277
[  134359ms] [LOG] Running application "main" with appParams:
 {rootTag: #root, hydrate: undefined} 
Development-level warnings: ON.
Performance optimizations: OFF. @ http://localhost:8081/node_modules/expo-router/entry.bundle?platform=web&dev=true&hot=false&lazy=true&transform.routerRoot=app&transform.reactCompiler=true:21723
[  134593ms] [WARNING] [Layout children]: No route named "(auth)" exists in nested children: [+not-found, index, modal, (auth)/login, (auth)/onboarding, (auth)/otp, (health)/health-check, (matching)/active-rides, (matching)/browse, (matching)/chat, (matching)/connection, (matching)/finish, (matching)/in-progress, (matching)/negotiations, (matching)/payment, (matching)/report-success, (matching)/report, (matching)/results, (matching)/ride-confirmed, (matching)/chat/[id], (matching)/report/[id], (tabs)] @ http://localhost:8081/node_modules/expo-router/entry.bundle?platform=web&dev=true&hot=false&lazy=true&transform.routerRoot=app&transform.reactCompiler=true:166282
[  134593ms] [WARNING] [Layout children]: No route named "(screens)" exists in nested children: [+not-found, index, modal, (auth)/login, (auth)/onboarding, (auth)/otp, (health)/health-check, (matching)/active-rides, (matching)/browse, (matching)/chat, (matching)/connection, (matching)/finish, (matching)/in-progress, (matching)/negotiations, (matching)/payment, (matching)/report-success, (matching)/report, (matching)/results, (matching)/ride-confirmed, (matching)/chat/[id], (matching)/report/[id], (tabs)] @ http://localhost:8081/node_modules/expo-router/entry.bundle?platform=web&dev=true&hot=false&lazy=true&transform.routerRoot=app&transform.reactCompiler=true:166282
[  134594ms] [WARNING] [Layout children]: No route named "not-found" exists in nested children: [+not-found, index, modal, (auth)/login, (auth)/onboarding, (auth)/otp, (health)/health-check, (matching)/active-rides, (matching)/browse, (matching)/chat, (matching)/connection, (matching)/finish, (matching)/in-progress, (matching)/negotiations, (matching)/payment, (matching)/report-success, (matching)/report, (matching)/results, (matching)/ride-confirmed, (matching)/chat/[id], (matching)/report/[id], (tabs)] @ http://localhost:8081/node_modules/expo-router/entry.bundle?platform=web&dev=true&hot=false&lazy=true&transform.routerRoot=app&transform.reactCompiler=true:166282
[  135402ms] [WARNING] "shadow*" style props are deprecated. Use "boxShadow". @ http://localhost:8081/node_modules/expo-router/entry.bundle?platform=web&dev=true&hot=false&lazy=true&transform.routerRoot=app&transform.reactCompiler=true:166282
[  183292ms] [WARNING] Disconnected from Metro (1006)
To reconnect:
- Ensure that Metro is running and available on the same network
- Reload this app (will trigger further help if Metro cannot be connected to) @ http://localhost:8081/node_modules/expo-router/entry.bundle?platform=web&dev=true&hot=false&lazy=true&transform.routerRoot=app&transform.reactCompiler=true:166282
[  206963ms] [INFO] %cDownload the React DevTools for a better development experience: https://react.dev/link/react-devtools font-weight:bold @ http://localhost:8081/node_modules/expo-router/entry.bundle?platform=web&dev=true&hot=false&lazy=true&transform.routerRoot=app&transform.reactCompiler=true:378277
[  207005ms] [LOG] Running application "main" with appParams:
 {rootTag: #root, hydrate: undefined} 
Development-level warnings: ON.
Performance optimizations: OFF. @ http://localhost:8081/node_modules/expo-router/entry.bundle?platform=web&dev=true&hot=false&lazy=true&transform.routerRoot=app&transform.reactCompiler=true:21723
[  207729ms] [WARNING] [Layout children]: No route named "(auth)" exists in nested children: [+not-found, index, modal, (auth)/login, (auth)/onboarding, (auth)/otp, (health)/health-check, (matching)/active-rides, (matching)/browse, (matching)/chat, (matching)/connection, (matching)/finish, (matching)/in-progress, (matching)/negotiations, (matching)/payment, (matching)/report-success, (matching)/report, (matching)/results, (matching)/ride-confirmed, (matching)/chat/[id], (matching)/report/[id], (tabs)] @ http://localhost:8081/node_modules/expo-router/entry.bundle?platform=web&dev=true&hot=false&lazy=true&transform.routerRoot=app&transform.reactCompiler=true:166282
[  207730ms] [WARNING] [Layout children]: No route named "(screens)" exists in nested children: [+not-found, index, modal, (auth)/login, (auth)/onboarding, (auth)/otp, (health)/health-check, (matching)/active-rides, (matching)/browse, (matching)/chat, (matching)/connection, (matching)/finish, (matching)/in-progress, (matching)/negotiations, (matching)/payment, (matching)/report-success, (matching)/report, (matching)/results, (matching)/ride-confirmed, (matching)/chat/[id], (matching)/report/[id], (tabs)] @ http://localhost:8081/node_modules/expo-router/entry.bundle?platform=web&dev=true&hot=false&lazy=true&transform.routerRoot=app&transform.reactCompiler=true:166282
[  207731ms] [WARNING] [Layout children]: No route named "not-found" exists in nested children: [+not-found, index, modal, (auth)/login, (auth)/onboarding, (auth)/otp, (health)/health-check, (matching)/active-rides, (matching)/browse, (matching)/chat, (matching)/connection, (matching)/finish, (matching)/in-progress, (matching)/negotiations, (matching)/payment, (matching)/report-success, (matching)/report, (matching)/results, (matching)/ride-confirmed, (matching)/chat/[id], (matching)/report/[id], (tabs)] @ http://localhost:8081/node_modules/expo-router/entry.bundle?platform=web&dev=true&hot=false&lazy=true&transform.routerRoot=app&transform.reactCompiler=true:166282
[  208748ms] [WARNING] "shadow*" style props are deprecated. Use "boxShadow". @ http://localhost:8081/node_modules/expo-router/entry.bundle?platform=web&dev=true&hot=false&lazy=true&transform.routerRoot=app&transform.reactCompiler=true:166282
[  224670ms] [INFO] %cDownload the React DevTools for a better development experience: https://react.dev/link/react-devtools font-weight:bold @ http://localhost:8081/node_modules/expo-router/entry.bundle?platform=web&dev=true&hot=false&lazy=true&transform.routerRoot=app&transform.reactCompiler=true:378277
[  224703ms] [LOG] Running application "main" with appParams:
 {rootTag: #root, hydrate: undefined} 
Development-level warnings: ON.
Performance optimizations: OFF. @ http://localhost:8081/node_modules/expo-router/entry.bundle?platform=web&dev=true&hot=false&lazy=true&transform.routerRoot=app&transform.reactCompiler=true:21723
[  224902ms] [WARNING] [Layout children]: No route named "(auth)" exists in nested children: [+not-found, index, modal, (auth)/login, (auth)/onboarding, (auth)/otp, (health)/health-check, (matching)/active-rides, (matching)/browse, (matching)/chat, (matching)/connection, (matching)/finish, (matching)/in-progress, (matching)/negotiations, (matching)/payment, (matching)/report-success, (matching)/report, (matching)/results, (matching)/ride-confirmed, (matching)/chat/[id], (matching)/report/[id], (tabs)] @ http://localhost:8081/node_modules/expo-router/entry.bundle?platform=web&dev=true&hot=false&lazy=true&transform.routerRoot=app&transform.reactCompiler=true:166282
[  224903ms] [WARNING] [Layout children]: No route named "(screens)" exists in nested children: [+not-found, index, modal, (auth)/login, (auth)/onboarding, (auth)/otp, (health)/health-check, (matching)/active-rides, (matching)/browse, (matching)/chat, (matching)/connection, (matching)/finish, (matching)/in-progress, (matching)/negotiations, (matching)/payment, (matching)/report-success, (matching)/report, (matching)/results, (matching)/ride-confirmed, (matching)/chat/[id], (matching)/report/[id], (tabs)] @ http://localhost:8081/node_modules/expo-router/entry.bundle?platform=web&dev=true&hot=false&lazy=true&transform.routerRoot=app&transform.reactCompiler=true:166282
[  224903ms] [WARNING] [Layout children]: No route named "not-found" exists in nested children: [+not-found, index, modal, (auth)/login, (auth)/onboarding, (auth)/otp, (health)/health-check, (matching)/active-rides, (matching)/browse, (matching)/chat, (matching)/connection, (matching)/finish, (matching)/in-progress, (matching)/negotiations, (matching)/payment, (matching)/report-success, (matching)/report, (matching)/results, (matching)/ride-confirmed, (matching)/chat/[id], (matching)/report/[id], (tabs)] @ http://localhost:8081/node_modules/expo-router/entry.bundle?platform=web&dev=true&hot=false&lazy=true&transform.routerRoot=app&transform.reactCompiler=true:166282
[  225746ms] [WARNING] "shadow*" style props are deprecated. Use "boxShadow". @ http://localhost:8081/node_modules/expo-router/entry.bundle?platform=web&dev=true&hot=false&lazy=true&transform.routerRoot=app&transform.reactCompiler=true:166282
[  252812ms] [LOG] Attempting to start ride cf88e289-3852-47ee-9c0c-10d18d6b9059 @ http://localhost:8081/node_modules/expo-router/entry.bundle?platform=web&dev=true&hot=false&lazy=true&transform.routerRoot=app&transform.reactCompiler=true:166282
[  253329ms] [LOG] Attempting to start ride cf88e289-3852-47ee-9c0c-10d18d6b9059 @ http://localhost:8081/node_modules/expo-router/entry.bundle?platform=web&dev=true&hot=false&lazy=true&transform.routerRoot=app&transform.reactCompiler=true:166282
[  295444ms] [WARNING] Disconnected from Metro (1006)
To reconnect:
- Ensure that Metro is running and available on the same network
- Reload this app (will trigger further help if Metro cannot be connected to) @ http://localhost:8081/node_modules/expo-router/entry.bundle?platform=web&dev=true&hot=false&lazy=true&transform.routerRoot=app&transform.reactCompiler=true:166282
