[    4154ms] [INFO] %cDownload the React DevTools for a better development experience: https://react.dev/link/react-devtools font-weight:bold @ http://localhost:8081/node_modules/expo-router/entry.bundle?platform=web&dev=true&hot=false&lazy=true&transform.routerRoot=app&transform.reactCompiler=true:388048
[    4188ms] [LOG] Running application "main" with appParams:
 {rootTag: #root, hydrate: undefined} 
Development-level warnings: ON.
Performance optimizations: OFF. @ http://localhost:8081/node_modules/expo-router/entry.bundle?platform=web&dev=true&hot=false&lazy=true&transform.routerRoot=app&transform.reactCompiler=true:21723
[    4429ms] [WARNING] [Layout children]: No route named "(auth)" exists in nested children: [+not-found, index, modal, (auth)/login, (auth)/onboarding, (auth)/otp, (health)/health-check, (matching)/active-rides, (matching)/browse, (matching)/chat, (matching)/connection, (matching)/finish, (matching)/in-progress, (matching)/negotiations, (matching)/payment, (matching)/report-success, (matching)/report, (matching)/results, (matching)/ride-confirmed, (matching)/chat/[id], (matching)/report/[id], (tabs)] @ http://localhost:8081/node_modules/expo-router/entry.bundle?platform=web&dev=true&hot=false&lazy=true&transform.routerRoot=app&transform.reactCompiler=true:166282
[    4430ms] [WARNING] [Layout children]: No route named "(screens)" exists in nested children: [+not-found, index, modal, (auth)/login, (auth)/onboarding, (auth)/otp, (health)/health-check, (matching)/active-rides, (matching)/browse, (matching)/chat, (matching)/connection, (matching)/finish, (matching)/in-progress, (matching)/negotiations, (matching)/payment, (matching)/report-success, (matching)/report, (matching)/results, (matching)/ride-confirmed, (matching)/chat/[id], (matching)/report/[id], (tabs)] @ http://localhost:8081/node_modules/expo-router/entry.bundle?platform=web&dev=true&hot=false&lazy=true&transform.routerRoot=app&transform.reactCompiler=true:166282
[    4430ms] [WARNING] [Layout children]: No route named "not-found" exists in nested children: [+not-found, index, modal, (auth)/login, (auth)/onboarding, (auth)/otp, (health)/health-check, (matching)/active-rides, (matching)/browse, (matching)/chat, (matching)/connection, (matching)/finish, (matching)/in-progress, (matching)/negotiations, (matching)/payment, (matching)/report-success, (matching)/report, (matching)/results, (matching)/ride-confirmed, (matching)/chat/[id], (matching)/report/[id], (tabs)] @ http://localhost:8081/node_modules/expo-router/entry.bundle?platform=web&dev=true&hot=false&lazy=true&transform.routerRoot=app&transform.reactCompiler=true:166282
[  296850ms] [LOG] [Realtime] ride:cf88e289-3852-47ee-9c0c-10d18d6b9059 → SUBSCRIBED  @ http://localhost:8081/node_modules/expo-router/entry.bundle?platform=web&dev=true&hot=false&lazy=true&transform.routerRoot=app&transform.reactCompiler=true:166282
[  704240ms] [LOG] [Realtime] ride:cf88e289-3852-47ee-9c0c-10d18d6b9059 → CHANNEL_ERROR Error: socket closed: 1006
    at normalizeChannelError (http://localhost:8081/node_modules/expo-router/entry.bundle?platform=web&dev=true&hot=false&lazy=true&transform.routerRoot=app&transform.reactCompiler=true:399421:16)
    at http://localhost:8081/node_modules/expo-router/entry.bundle?platform=web&dev=true&hot=false&lazy=true&transform.routerRoot=app&transform.reactCompiler=true:396708:165
    at Object.callback (http://localhost:8081/node_modules/expo-router/entry.bundle?platform=web&dev=true&hot=false&lazy=true&transform.routerRoot=app&transform.reactCompiler=true:397833:54)
    at Channel.trigger (http://localhost:8081/node_modules/expo-router/entry.bundle?platform=web&dev=true&hot=false&lazy=true&transform.routerRoot=app&transform.reactCompiler=true:398020:14)
    at http://localhost:8081/node_modules/expo-router/entry.bundle?platform=web&dev=true&hot=false&lazy=true&transform.routerRoot=app&transform.reactCompiler=true:399204:19
    at Array.forEach (<anonymous>)
    at Socket.triggerChanError (http://localhost:8081/node_modules/expo-router/entry.bundle?platform=web&dev=true&hot=false&lazy=true&transform.routerRoot=app&transform.reactCompiler=true:399202:21)
    at Socket.onConnClose (http://localhost:8081/node_modules/expo-router/entry.bundle?platform=web&dev=true&hot=false&lazy=true&transform.routerRoot=app&transform.reactCompiler=true:399177:12)
    at conn.onclose (http://localhost:8081/node_modules/expo-router/entry.bundle?platform=web&dev=true&hot=false&lazy=true&transform.routerRoot=app&transform.reactCompiler=true:399032:41) @ http://localhost:8081/node_modules/expo-router/entry.bundle?platform=web&dev=true&hot=false&lazy=true&transform.routerRoot=app&transform.reactCompiler=true:166282
[  704806ms] [WARNING] Disconnected from Metro (1006)
To reconnect:
- Ensure that Metro is running and available on the same network
- Reload this app (will trigger further help if Metro cannot be connected to) @ http://localhost:8081/node_modules/expo-router/entry.bundle?platform=web&dev=true&hot=false&lazy=true&transform.routerRoot=app&transform.reactCompiler=true:166282
[  706007ms] [LOG] [Realtime] ride:cf88e289-3852-47ee-9c0c-10d18d6b9059 → SUBSCRIBED  @ http://localhost:8081/node_modules/expo-router/entry.bundle?platform=web&dev=true&hot=false&lazy=true&transform.routerRoot=app&transform.reactCompiler=true:166282
[ 1179965ms] [LOG] [Realtime] ride:cf88e289-3852-47ee-9c0c-10d18d6b9059 → CHANNEL_ERROR Error: socket closed: 1006
    at normalizeChannelError (http://localhost:8081/node_modules/expo-router/entry.bundle?platform=web&dev=true&hot=false&lazy=true&transform.routerRoot=app&transform.reactCompiler=true:399421:16)
    at http://localhost:8081/node_modules/expo-router/entry.bundle?platform=web&dev=true&hot=false&lazy=true&transform.routerRoot=app&transform.reactCompiler=true:396708:165
    at Object.callback (http://localhost:8081/node_modules/expo-router/entry.bundle?platform=web&dev=true&hot=false&lazy=true&transform.routerRoot=app&transform.reactCompiler=true:397833:54)
    at Channel.trigger (http://localhost:8081/node_modules/expo-router/entry.bundle?platform=web&dev=true&hot=false&lazy=true&transform.routerRoot=app&transform.reactCompiler=true:398020:14)
    at http://localhost:8081/node_modules/expo-router/entry.bundle?platform=web&dev=true&hot=false&lazy=true&transform.routerRoot=app&transform.reactCompiler=true:399204:19
    at Array.forEach (<anonymous>)
    at Socket.triggerChanError (http://localhost:8081/node_modules/expo-router/entry.bundle?platform=web&dev=true&hot=false&lazy=true&transform.routerRoot=app&transform.reactCompiler=true:399202:21)
    at Socket.onConnClose (http://localhost:8081/node_modules/expo-router/entry.bundle?platform=web&dev=true&hot=false&lazy=true&transform.routerRoot=app&transform.reactCompiler=true:399177:12)
    at conn.onclose (http://localhost:8081/node_modules/expo-router/entry.bundle?platform=web&dev=true&hot=false&lazy=true&transform.routerRoot=app&transform.reactCompiler=true:399032:41) @ http://localhost:8081/node_modules/expo-router/entry.bundle?platform=web&dev=true&hot=false&lazy=true&transform.routerRoot=app&transform.reactCompiler=true:166282
[ 1182116ms] [LOG] [Realtime] ride:cf88e289-3852-47ee-9c0c-10d18d6b9059 → SUBSCRIBED  @ http://localhost:8081/node_modules/expo-router/entry.bundle?platform=web&dev=true&hot=false&lazy=true&transform.routerRoot=app&transform.reactCompiler=true:166282
[ 1759811ms] [LOG] [Realtime] ride:cf88e289-3852-47ee-9c0c-10d18d6b9059 → CHANNEL_ERROR Error: socket closed: 1006
    at normalizeChannelError (http://localhost:8081/node_modules/expo-router/entry.bundle?platform=web&dev=true&hot=false&lazy=true&transform.routerRoot=app&transform.reactCompiler=true:399421:16)
    at http://localhost:8081/node_modules/expo-router/entry.bundle?platform=web&dev=true&hot=false&lazy=true&transform.routerRoot=app&transform.reactCompiler=true:396708:165
    at Object.callback (http://localhost:8081/node_modules/expo-router/entry.bundle?platform=web&dev=true&hot=false&lazy=true&transform.routerRoot=app&transform.reactCompiler=true:397833:54)
    at Channel.trigger (http://localhost:8081/node_modules/expo-router/entry.bundle?platform=web&dev=true&hot=false&lazy=true&transform.routerRoot=app&transform.reactCompiler=true:398020:14)
    at http://localhost:8081/node_modules/expo-router/entry.bundle?platform=web&dev=true&hot=false&lazy=true&transform.routerRoot=app&transform.reactCompiler=true:399204:19
    at Array.forEach (<anonymous>)
    at Socket.triggerChanError (http://localhost:8081/node_modules/expo-router/entry.bundle?platform=web&dev=true&hot=false&lazy=true&transform.routerRoot=app&transform.reactCompiler=true:399202:21)
    at Socket.onConnClose (http://localhost:8081/node_modules/expo-router/entry.bundle?platform=web&dev=true&hot=false&lazy=true&transform.routerRoot=app&transform.reactCompiler=true:399177:12)
    at conn.onclose (http://localhost:8081/node_modules/expo-router/entry.bundle?platform=web&dev=true&hot=false&lazy=true&transform.routerRoot=app&transform.reactCompiler=true:399032:41) @ http://localhost:8081/node_modules/expo-router/entry.bundle?platform=web&dev=true&hot=false&lazy=true&transform.routerRoot=app&transform.reactCompiler=true:166282
[ 1761427ms] [LOG] [Realtime] ride:cf88e289-3852-47ee-9c0c-10d18d6b9059 → SUBSCRIBED  @ http://localhost:8081/node_modules/expo-router/entry.bundle?platform=web&dev=true&hot=false&lazy=true&transform.routerRoot=app&transform.reactCompiler=true:166282
[ 2547484ms] [LOG] [Realtime] ride:cf88e289-3852-47ee-9c0c-10d18d6b9059 → CHANNEL_ERROR Error: socket closed: 1006
    at normalizeChannelError (http://localhost:8081/node_modules/expo-router/entry.bundle?platform=web&dev=true&hot=false&lazy=true&transform.routerRoot=app&transform.reactCompiler=true:399421:16)
    at http://localhost:8081/node_modules/expo-router/entry.bundle?platform=web&dev=true&hot=false&lazy=true&transform.routerRoot=app&transform.reactCompiler=true:396708:165
    at Object.callback (http://localhost:8081/node_modules/expo-router/entry.bundle?platform=web&dev=true&hot=false&lazy=true&transform.routerRoot=app&transform.reactCompiler=true:397833:54)
    at Channel.trigger (http://localhost:8081/node_modules/expo-router/entry.bundle?platform=web&dev=true&hot=false&lazy=true&transform.routerRoot=app&transform.reactCompiler=true:398020:14)
    at http://localhost:8081/node_modules/expo-router/entry.bundle?platform=web&dev=true&hot=false&lazy=true&transform.routerRoot=app&transform.reactCompiler=true:399204:19
    at Array.forEach (<anonymous>)
    at Socket.triggerChanError (http://localhost:8081/node_modules/expo-router/entry.bundle?platform=web&dev=true&hot=false&lazy=true&transform.routerRoot=app&transform.reactCompiler=true:399202:21)
    at Socket.onConnClose (http://localhost:8081/node_modules/expo-router/entry.bundle?platform=web&dev=true&hot=false&lazy=true&transform.routerRoot=app&transform.reactCompiler=true:399177:12)
    at conn.onclose (http://localhost:8081/node_modules/expo-router/entry.bundle?platform=web&dev=true&hot=false&lazy=true&transform.routerRoot=app&transform.reactCompiler=true:399032:41) @ http://localhost:8081/node_modules/expo-router/entry.bundle?platform=web&dev=true&hot=false&lazy=true&transform.routerRoot=app&transform.reactCompiler=true:166282
[ 2550033ms] [LOG] [Realtime] ride:cf88e289-3852-47ee-9c0c-10d18d6b9059 → SUBSCRIBED  @ http://localhost:8081/node_modules/expo-router/entry.bundle?platform=web&dev=true&hot=false&lazy=true&transform.routerRoot=app&transform.reactCompiler=true:166282
[ 2675932ms] [ERROR] The action 'GO_BACK' was not handled by any navigator.

Is there any screen to go back to?

This is a development-only warning and won't be shown in production. @ http://localhost:8081/node_modules/expo-router/entry.bundle?platform=web&dev=true&hot=false&lazy=true&transform.routerRoot=app&transform.reactCompiler=true:28937
[ 2681546ms] [INFO] %cDownload the React DevTools for a better development experience: https://react.dev/link/react-devtools font-weight:bold @ http://localhost:8081/node_modules/expo-router/entry.bundle?platform=web&dev=true&hot=false&lazy=true&transform.routerRoot=app&transform.reactCompiler=true:388052
[ 2681582ms] [LOG] Running application "main" with appParams:
 {rootTag: #root, hydrate: undefined} 
Development-level warnings: ON.
Performance optimizations: OFF. @ http://localhost:8081/node_modules/expo-router/entry.bundle?platform=web&dev=true&hot=false&lazy=true&transform.routerRoot=app&transform.reactCompiler=true:21723
[ 2681817ms] [WARNING] [Layout children]: No route named "(auth)" exists in nested children: [+not-found, index, modal, (auth)/login, (auth)/onboarding, (auth)/otp, (health)/health-check, (matching)/active-rides, (matching)/browse, (matching)/chat, (matching)/connection, (matching)/finish, (matching)/in-progress, (matching)/negotiations, (matching)/payment, (matching)/report-success, (matching)/report, (matching)/results, (matching)/ride-confirmed, (matching)/chat/[id], (matching)/report/[id], (tabs)] @ http://localhost:8081/node_modules/expo-router/entry.bundle?platform=web&dev=true&hot=false&lazy=true&transform.routerRoot=app&transform.reactCompiler=true:166282
[ 2681818ms] [WARNING] [Layout children]: No route named "(screens)" exists in nested children: [+not-found, index, modal, (auth)/login, (auth)/onboarding, (auth)/otp, (health)/health-check, (matching)/active-rides, (matching)/browse, (matching)/chat, (matching)/connection, (matching)/finish, (matching)/in-progress, (matching)/negotiations, (matching)/payment, (matching)/report-success, (matching)/report, (matching)/results, (matching)/ride-confirmed, (matching)/chat/[id], (matching)/report/[id], (tabs)] @ http://localhost:8081/node_modules/expo-router/entry.bundle?platform=web&dev=true&hot=false&lazy=true&transform.routerRoot=app&transform.reactCompiler=true:166282
[ 2681818ms] [WARNING] [Layout children]: No route named "not-found" exists in nested children: [+not-found, index, modal, (auth)/login, (auth)/onboarding, (auth)/otp, (health)/health-check, (matching)/active-rides, (matching)/browse, (matching)/chat, (matching)/connection, (matching)/finish, (matching)/in-progress, (matching)/negotiations, (matching)/payment, (matching)/report-success, (matching)/report, (matching)/results, (matching)/ride-confirmed, (matching)/chat/[id], (matching)/report/[id], (tabs)] @ http://localhost:8081/node_modules/expo-router/entry.bundle?platform=web&dev=true&hot=false&lazy=true&transform.routerRoot=app&transform.reactCompiler=true:166282
[ 2682224ms] [LOG] [Realtime] ride:cf88e289-3852-47ee-9c0c-10d18d6b9059 → SUBSCRIBED  @ http://localhost:8081/node_modules/expo-router/entry.bundle?platform=web&dev=true&hot=false&lazy=true&transform.routerRoot=app&transform.reactCompiler=true:166282
[ 2686361ms] [ERROR] The action 'GO_BACK' was not handled by any navigator.

Is there any screen to go back to?

This is a development-only warning and won't be shown in production. @ http://localhost:8081/node_modules/expo-router/entry.bundle?platform=web&dev=true&hot=false&lazy=true&transform.routerRoot=app&transform.reactCompiler=true:28937
[ 2686952ms] [ERROR] The action 'GO_BACK' was not handled by any navigator.

Is there any screen to go back to?

This is a development-only warning and won't be shown in production. @ http://localhost:8081/node_modules/expo-router/entry.bundle?platform=web&dev=true&hot=false&lazy=true&transform.routerRoot=app&transform.reactCompiler=true:28937
[ 2687137ms] [ERROR] The action 'GO_BACK' was not handled by any navigator.

Is there any screen to go back to?

This is a development-only warning and won't be shown in production. @ http://localhost:8081/node_modules/expo-router/entry.bundle?platform=web&dev=true&hot=false&lazy=true&transform.routerRoot=app&transform.reactCompiler=true:28937
[ 2687335ms] [ERROR] The action 'GO_BACK' was not handled by any navigator.

Is there any screen to go back to?

This is a development-only warning and won't be shown in production. @ http://localhost:8081/node_modules/expo-router/entry.bundle?platform=web&dev=true&hot=false&lazy=true&transform.routerRoot=app&transform.reactCompiler=true:28937
[ 2687511ms] [ERROR] The action 'GO_BACK' was not handled by any navigator.

Is there any screen to go back to?

This is a development-only warning and won't be shown in production. @ http://localhost:8081/node_modules/expo-router/entry.bundle?platform=web&dev=true&hot=false&lazy=true&transform.routerRoot=app&transform.reactCompiler=true:28937
[ 2687694ms] [ERROR] The action 'GO_BACK' was not handled by any navigator.

Is there any screen to go back to?

This is a development-only warning and won't be shown in production. @ http://localhost:8081/node_modules/expo-router/entry.bundle?platform=web&dev=true&hot=false&lazy=true&transform.routerRoot=app&transform.reactCompiler=true:28937
[ 2687887ms] [ERROR] The action 'GO_BACK' was not handled by any navigator.

Is there any screen to go back to?

This is a development-only warning and won't be shown in production. @ http://localhost:8081/node_modules/expo-router/entry.bundle?platform=web&dev=true&hot=false&lazy=true&transform.routerRoot=app&transform.reactCompiler=true:28937
[ 2688521ms] [ERROR] The action 'GO_BACK' was not handled by any navigator.

Is there any screen to go back to?

This is a development-only warning and won't be shown in production. @ http://localhost:8081/node_modules/expo-router/entry.bundle?platform=web&dev=true&hot=false&lazy=true&transform.routerRoot=app&transform.reactCompiler=true:28937
[ 2688704ms] [ERROR] The action 'GO_BACK' was not handled by any navigator.

Is there any screen to go back to?

This is a development-only warning and won't be shown in production. @ http://localhost:8081/node_modules/expo-router/entry.bundle?platform=web&dev=true&hot=false&lazy=true&transform.routerRoot=app&transform.reactCompiler=true:28937
[ 2689128ms] [ERROR] The action 'GO_BACK' was not handled by any navigator.

Is there any screen to go back to?

This is a development-only warning and won't be shown in production. @ http://localhost:8081/node_modules/expo-router/entry.bundle?platform=web&dev=true&hot=false&lazy=true&transform.routerRoot=app&transform.reactCompiler=true:28937
[ 2689325ms] [ERROR] The action 'GO_BACK' was not handled by any navigator.

Is there any screen to go back to?

This is a development-only warning and won't be shown in production. @ http://localhost:8081/node_modules/expo-router/entry.bundle?platform=web&dev=true&hot=false&lazy=true&transform.routerRoot=app&transform.reactCompiler=true:28937
[ 2689502ms] [ERROR] The action 'GO_BACK' was not handled by any navigator.

Is there any screen to go back to?

This is a development-only warning and won't be shown in production. @ http://localhost:8081/node_modules/expo-router/entry.bundle?platform=web&dev=true&hot=false&lazy=true&transform.routerRoot=app&transform.reactCompiler=true:28937
[ 2689671ms] [ERROR] The action 'GO_BACK' was not handled by any navigator.

Is there any screen to go back to?

This is a development-only warning and won't be shown in production. @ http://localhost:8081/node_modules/expo-router/entry.bundle?platform=web&dev=true&hot=false&lazy=true&transform.routerRoot=app&transform.reactCompiler=true:28937
[ 2689838ms] [ERROR] The action 'GO_BACK' was not handled by any navigator.

Is there any screen to go back to?

This is a development-only warning and won't be shown in production. @ http://localhost:8081/node_modules/expo-router/entry.bundle?platform=web&dev=true&hot=false&lazy=true&transform.routerRoot=app&transform.reactCompiler=true:28937
[ 2690012ms] [ERROR] The action 'GO_BACK' was not handled by any navigator.

Is there any screen to go back to?

This is a development-only warning and won't be shown in production. @ http://localhost:8081/node_modules/expo-router/entry.bundle?platform=web&dev=true&hot=false&lazy=true&transform.routerRoot=app&transform.reactCompiler=true:28937
[ 2690206ms] [ERROR] The action 'GO_BACK' was not handled by any navigator.

Is there any screen to go back to?

This is a development-only warning and won't be shown in production. @ http://localhost:8081/node_modules/expo-router/entry.bundle?platform=web&dev=true&hot=false&lazy=true&transform.routerRoot=app&transform.reactCompiler=true:28937
[ 3059592ms] [LOG] [Realtime] ride:cf88e289-3852-47ee-9c0c-10d18d6b9059 → CLOSED  @ http://localhost:8081/node_modules/expo-router/entry.bundle?platform=web&dev=true&hot=false&lazy=true&transform.routerRoot=app&transform.reactCompiler=true:166282
[ 3059651ms] [LOG] [Realtime] ride:cf88e289-3852-47ee-9c0c-10d18d6b9059 → SUBSCRIBED  @ http://localhost:8081/node_modules/expo-router/entry.bundle?platform=web&dev=true&hot=false&lazy=true&transform.routerRoot=app&transform.reactCompiler=true:166282
[ 3103368ms] [LOG] [Realtime] ride:cf88e289-3852-47ee-9c0c-10d18d6b9059 → CLOSED  @ http://localhost:8081/node_modules/expo-router/entry.bundle?platform=web&dev=true&hot=false&lazy=true&transform.routerRoot=app&transform.reactCompiler=true:166282
[ 3103428ms] [LOG] [Realtime] ride:cf88e289-3852-47ee-9c0c-10d18d6b9059 → SUBSCRIBED  @ http://localhost:8081/node_modules/expo-router/entry.bundle?platform=web&dev=true&hot=false&lazy=true&transform.routerRoot=app&transform.reactCompiler=true:166282
[ 3117975ms] [LOG] [Realtime] ride:cf88e289-3852-47ee-9c0c-10d18d6b9059 → CLOSED  @ http://localhost:8081/node_modules/expo-router/entry.bundle?platform=web&dev=true&hot=false&lazy=true&transform.routerRoot=app&transform.reactCompiler=true:166282
[ 3118036ms] [LOG] [Realtime] ride:cf88e289-3852-47ee-9c0c-10d18d6b9059 → SUBSCRIBED  @ http://localhost:8081/node_modules/expo-router/entry.bundle?platform=web&dev=true&hot=false&lazy=true&transform.routerRoot=app&transform.reactCompiler=true:166282
[ 3263811ms] [LOG] [Realtime] ride:cf88e289-3852-47ee-9c0c-10d18d6b9059 → CLOSED  @ http://localhost:8081/node_modules/expo-router/entry.bundle?platform=web&dev=true&hot=false&lazy=true&transform.routerRoot=app&transform.reactCompiler=true:166282
[ 3264755ms] [WARNING] "shadow*" style props are deprecated. Use "boxShadow". @ http://localhost:8081/node_modules/expo-router/entry.bundle?platform=web&dev=true&hot=false&lazy=true&transform.routerRoot=app&transform.reactCompiler=true:166282
